<?xml version="1.0" encoding="UTF-8"?>
<coverage generated="1729801264004" clover="3.2.0">
  <project timestamp="1729801264004" name="All files">
    <metrics statements="1" coveredstatements="1" conditionals="0" coveredconditionals="0" methods="2" coveredmethods="2" elements="3" coveredelements="3" complexity="0" loc="1" ncloc="1" packages="1" files="1" classes="1"/>
    <file name="healthHero.js" path="C:\Users\Mapa\Desktop\netology\ajs-homeworks\ajs-homework\Matchers\src\healthHero.js">
      <metrics statements="1" coveredstatements="1" conditionals="0" coveredconditionals="0" methods="2" coveredmethods="2"/>
      <line num="2" count="4" type="stmt"/>
    </file>
  </project>
</coverage>
