{"C:\\Users\\Mapa\\Desktop\\netology\\ajs-homeworks\\ajs-homework\\Matchers\\src\\healthHero.js": {"path":"C:\\Users\\Mapa\\Desktop\\netology\\ajs-homeworks\\ajs-homework\\Matchers\\src\\healthHero.js","statementMap":{"0":{"start":{"line":2,"column":4},"end":{"line":2,"column":78}},"1":{"start":{"line":2,"column":45},"end":{"line":2,"column":76}}},"fnMap":{"0":{"name":"healthHero","decl":{"start":{"line":1,"column":24},"end":{"line":1,"column":34}},"loc":{"start":{"line":1,"column":43},"end":{"line":3,"column":1}},"line":1},"1":{"name":"(anonymous_1)","decl":{"start":{"line":2,"column":23},"end":{"line":2,"column":24}},"loc":{"start":{"line":2,"column":45},"end":{"line":2,"column":76}},"line":2}},"branchMap":{},"s":{"0":1,"1":4},"f":{"0":1,"1":4},"b":{},"_coverageSchema":"1a1c01bbd47fc00a2c39e90264f33305004495a9","hash":"3e6d93069cec284d60a0bc15249d18e8d77169a3"}
}
